<?xml version="1.0" encoding="UTF-8"?>
<!-- Generated by org.testng.reporters.JUnitReportReporter -->
<testsuite hostname="DESKTOP-FPJTV93" failures="0" tests="1" name="API.Sample_Post_Method" time="6.182" errors="0" timestamp="2023-01-07T11:06:32 IST" skipped="0">
  <testcase classname="API.Sample_Post_Method" name="TestData" time="6.182"/>
  <system-out/>
</testsuite> <!-- API.Sample_Post_Method -->
