<?xml version="1.0" encoding="UTF-8"?>
<!-- Generated by org.testng.reporters.JUnitReportReporter -->
<testsuite hostname="DESKTOP-FPJTV93" failures="0" tests="1" name="API.Api_SAAmple1" time="4.479" errors="0" timestamp="2023-01-03T22:23:32 IST" skipped="0">
  <testcase classname="API.Api_SAAmple1" name="getwetherreport" time="4.479"/>
  <system-out/>
</testsuite> <!-- API.Api_SAAmple1 -->
