<?xml version="1.0" encoding="UTF-8"?>
<!-- Generated by org.testng.reporters.JUnitReportReporter -->
<testsuite hostname="DESKTOP-FPJTV93" failures="0" tests="1" name="API.Sample_Put_Method" time="6.466" errors="0" timestamp="2023-01-07T19:31:28 IST" skipped="0">
  <testcase classname="API.Sample_Put_Method" name="testdata" time="6.466"/>
  <system-out/>
</testsuite> <!-- API.Sample_Put_Method -->
